Analysis & Synthesis report for main
Fri Feb 02 10:13:49 2018
Quartus Prime Version 17.1.0 Build 590 10/25/2017 SJ Lite Edition


---------------------
; Table of Contents ;
---------------------
  1. Legal Notice
  2. Analysis & Synthesis Summary
  3. Analysis & Synthesis Settings
  4. Parallel Compilation
  5. Analysis & Synthesis Source Files Read
  6. Analysis & Synthesis Resource Usage Summary
  7. Analysis & Synthesis Resource Utilization by Entity
  8. State Machine - |main|current_state
  9. State Machine - |main|state
 10. Registers Removed During Synthesis
 11. General Register Statistics
 12. Inverted Register Statistics
 13. Multiplexer Restructuring Statistics (Restructuring Performed)
 14. Parameter Settings for User Entity Instance: Top-level Entity: |main
 15. Post-Synthesis Netlist Statistics for Top Partition
 16. Elapsed Time Per Partition
 17. Analysis & Synthesis Messages



----------------
; Legal Notice ;
----------------
Copyright (C) 2017  Intel Corporation. All rights reserved.
Your use of Intel Corporation's design tools, logic functions 
and other software and tools, and its AMPP partner logic 
functions, and any output files from any of the foregoing 
(including device programming or simulation files), and any 
associated documentation or information are expressly subject 
to the terms and conditions of the Intel Program License 
Subscription Agreement, the Intel Quartus Prime License Agreement,
the Intel FPGA IP License Agreement, or other applicable license
agreement, including, without limitation, that your use is for
the sole purpose of programming logic devices manufactured by
Intel and sold by Intel or its authorized distributors.  Please
refer to the applicable agreement for further details.



+----------------------------------------------------------------------------------+
; Analysis & Synthesis Summary                                                     ;
+------------------------------------+---------------------------------------------+
; Analysis & Synthesis Status        ; Successful - Fri Feb 02 10:13:49 2018       ;
; Quartus Prime Version              ; 17.1.0 Build 590 10/25/2017 SJ Lite Edition ;
; Revision Name                      ; main                                        ;
; Top-level Entity Name              ; main                                        ;
; Family                             ; Cyclone IV E                                ;
; Total logic elements               ; 193                                         ;
;     Total combinational functions  ; 181                                         ;
;     Dedicated logic registers      ; 78                                          ;
; Total registers                    ; 78                                          ;
; Total pins                         ; 46                                          ;
; Total virtual pins                 ; 0                                           ;
; Total memory bits                  ; 0                                           ;
; Embedded Multiplier 9-bit elements ; 0                                           ;
; Total PLLs                         ; 0                                           ;
+------------------------------------+---------------------------------------------+


+----------------------------------------------------------------------------------------------------------------------+
; Analysis & Synthesis Settings                                                                                        ;
+----------------------------------------------------------------------------+--------------------+--------------------+
; Option                                                                     ; Setting            ; Default Value      ;
+----------------------------------------------------------------------------+--------------------+--------------------+
; Device                                                                     ; EP4CE115F29C7      ;                    ;
; Top-level entity name                                                      ; main               ; main               ;
; Family name                                                                ; Cyclone IV E       ; Cyclone V          ;
; Use smart compilation                                                      ; Off                ; Off                ;
; Enable parallel Assembler and TimeQuest Timing Analyzer during compilation ; On                 ; On                 ;
; Enable compact report table                                                ; Off                ; Off                ;
; Restructure Multiplexers                                                   ; Auto               ; Auto               ;
; Create Debugging Nodes for IP Cores                                        ; Off                ; Off                ;
; Preserve fewer node names                                                  ; On                 ; On                 ;
; Intel FPGA IP Evaluation Mode                                              ; Enable             ; Enable             ;
; Verilog Version                                                            ; Verilog_2001       ; Verilog_2001       ;
; VHDL Version                                                               ; VHDL_1993          ; VHDL_1993          ;
; State Machine Processing                                                   ; Auto               ; Auto               ;
; Safe State Machine                                                         ; Off                ; Off                ;
; Extract Verilog State Machines                                             ; On                 ; On                 ;
; Extract VHDL State Machines                                                ; On                 ; On                 ;
; Ignore Verilog initial constructs                                          ; Off                ; Off                ;
; Iteration limit for constant Verilog loops                                 ; 5000               ; 5000               ;
; Iteration limit for non-constant Verilog loops                             ; 250                ; 250                ;
; Add Pass-Through Logic to Inferred RAMs                                    ; On                 ; On                 ;
; Infer RAMs from Raw Logic                                                  ; On                 ; On                 ;
; Parallel Synthesis                                                         ; On                 ; On                 ;
; DSP Block Balancing                                                        ; Auto               ; Auto               ;
; NOT Gate Push-Back                                                         ; On                 ; On                 ;
; Power-Up Don't Care                                                        ; On                 ; On                 ;
; Remove Redundant Logic Cells                                               ; Off                ; Off                ;
; Remove Duplicate Registers                                                 ; On                 ; On                 ;
; Ignore CARRY Buffers                                                       ; Off                ; Off                ;
; Ignore CASCADE Buffers                                                     ; Off                ; Off                ;
; Ignore GLOBAL Buffers                                                      ; Off                ; Off                ;
; Ignore ROW GLOBAL Buffers                                                  ; Off                ; Off                ;
; Ignore LCELL Buffers                                                       ; Off                ; Off                ;
; Ignore SOFT Buffers                                                        ; On                 ; On                 ;
; Limit AHDL Integers to 32 Bits                                             ; Off                ; Off                ;
; Optimization Technique                                                     ; Balanced           ; Balanced           ;
; Carry Chain Length                                                         ; 70                 ; 70                 ;
; Auto Carry Chains                                                          ; On                 ; On                 ;
; Auto Open-Drain Pins                                                       ; On                 ; On                 ;
; Perform WYSIWYG Primitive Resynthesis                                      ; Off                ; Off                ;
; Auto ROM Replacement                                                       ; On                 ; On                 ;
; Auto RAM Replacement                                                       ; On                 ; On                 ;
; Auto DSP Block Replacement                                                 ; On                 ; On                 ;
; Auto Shift Register Replacement                                            ; Auto               ; Auto               ;
; Allow Shift Register Merging across Hierarchies                            ; Auto               ; Auto               ;
; Auto Clock Enable Replacement                                              ; On                 ; On                 ;
; Strict RAM Replacement                                                     ; Off                ; Off                ;
; Allow Synchronous Control Signals                                          ; On                 ; On                 ;
; Force Use of Synchronous Clear Signals                                     ; Off                ; Off                ;
; Auto RAM Block Balancing                                                   ; On                 ; On                 ;
; Auto RAM to Logic Cell Conversion                                          ; Off                ; Off                ;
; Auto Resource Sharing                                                      ; Off                ; Off                ;
; Allow Any RAM Size For Recognition                                         ; Off                ; Off                ;
; Allow Any ROM Size For Recognition                                         ; Off                ; Off                ;
; Allow Any Shift Register Size For Recognition                              ; Off                ; Off                ;
; Use LogicLock Constraints during Resource Balancing                        ; On                 ; On                 ;
; Ignore translate_off and synthesis_off directives                          ; Off                ; Off                ;
; Timing-Driven Synthesis                                                    ; On                 ; On                 ;
; Report Parameter Settings                                                  ; On                 ; On                 ;
; Report Source Assignments                                                  ; On                 ; On                 ;
; Report Connectivity Checks                                                 ; On                 ; On                 ;
; Ignore Maximum Fan-Out Assignments                                         ; Off                ; Off                ;
; Synchronization Register Chain Length                                      ; 2                  ; 2                  ;
; Power Optimization During Synthesis                                        ; Normal compilation ; Normal compilation ;
; HDL message level                                                          ; Level2             ; Level2             ;
; Suppress Register Optimization Related Messages                            ; Off                ; Off                ;
; Number of Removed Registers Reported in Synthesis Report                   ; 5000               ; 5000               ;
; Number of Swept Nodes Reported in Synthesis Report                         ; 5000               ; 5000               ;
; Number of Inverted Registers Reported in Synthesis Report                  ; 100                ; 100                ;
; Clock MUX Protection                                                       ; On                 ; On                 ;
; Auto Gated Clock Conversion                                                ; Off                ; Off                ;
; Block Design Naming                                                        ; Auto               ; Auto               ;
; SDC constraint protection                                                  ; Off                ; Off                ;
; Synthesis Effort                                                           ; Auto               ; Auto               ;
; Shift Register Replacement - Allow Asynchronous Clear Signal               ; On                 ; On                 ;
; Pre-Mapping Resynthesis Optimization                                       ; Off                ; Off                ;
; Analysis & Synthesis Message Level                                         ; Medium             ; Medium             ;
; Disable Register Merging Across Hierarchies                                ; Auto               ; Auto               ;
; Resource Aware Inference For Block RAM                                     ; On                 ; On                 ;
+----------------------------------------------------------------------------+--------------------+--------------------+


+------------------------------------------+
; Parallel Compilation                     ;
+----------------------------+-------------+
; Processors                 ; Number      ;
+----------------------------+-------------+
; Number detected on machine ; 4           ;
; Maximum allowed            ; 4           ;
;                            ;             ;
; Average used               ; 1.00        ;
; Maximum used               ; 4           ;
;                            ;             ;
; Usage by Processor         ; % Time Used ;
;     Processor 1            ; 100.0%      ;
;     Processors 2-4         ;   0.0%      ;
+----------------------------+-------------+


+---------------------------------------------------------------------------------------------------------------------------------------------+
; Analysis & Synthesis Source Files Read                                                                                                      ;
+----------------------------------+-----------------+------------------------+-----------------------------------------------------+---------+
; File Name with User-Entered Path ; Used in Netlist ; File Type              ; File Name with Absolute Path                        ; Library ;
+----------------------------------+-----------------+------------------------+-----------------------------------------------------+---------+
; main.v                           ; yes             ; User Verilog HDL File  ; C:/Users/Mimis/Documents/DigSys_Asks/Project/main.v ;         ;
+----------------------------------+-----------------+------------------------+-----------------------------------------------------+---------+


+---------------------------------------------------------+
; Analysis & Synthesis Resource Usage Summary             ;
+---------------------------------------------+-----------+
; Resource                                    ; Usage     ;
+---------------------------------------------+-----------+
; Estimated Total logic elements              ; 193       ;
;                                             ;           ;
; Total combinational functions               ; 181       ;
; Logic element usage by number of LUT inputs ;           ;
;     -- 4 input functions                    ; 96        ;
;     -- 3 input functions                    ; 44        ;
;     -- <=2 input functions                  ; 41        ;
;                                             ;           ;
; Logic elements by mode                      ;           ;
;     -- normal mode                          ; 175       ;
;     -- arithmetic mode                      ; 6         ;
;                                             ;           ;
; Total registers                             ; 78        ;
;     -- Dedicated logic registers            ; 78        ;
;     -- I/O registers                        ; 0         ;
;                                             ;           ;
; I/O pins                                    ; 46        ;
;                                             ;           ;
; Embedded Multiplier 9-bit elements          ; 0         ;
;                                             ;           ;
; Maximum fan-out node                        ; clk~input ;
; Maximum fan-out                             ; 78        ;
; Total fan-out                               ; 991       ;
; Average fan-out                             ; 2.82      ;
+---------------------------------------------+-----------+


+----------------------------------------------------------------------------------------------------------------------------------------------------------------------------------------------------------+
; Analysis & Synthesis Resource Utilization by Entity                                                                                                                                                      ;
+----------------------------+---------------------+---------------------------+-------------+--------------+---------+-----------+------+--------------+---------------------+-------------+--------------+
; Compilation Hierarchy Node ; Combinational ALUTs ; Dedicated Logic Registers ; Memory Bits ; DSP Elements ; DSP 9x9 ; DSP 18x18 ; Pins ; Virtual Pins ; Full Hierarchy Name ; Entity Name ; Library Name ;
+----------------------------+---------------------+---------------------------+-------------+--------------+---------+-----------+------+--------------+---------------------+-------------+--------------+
; |main                      ; 181 (181)           ; 78 (78)                   ; 0           ; 0            ; 0       ; 0         ; 46   ; 0            ; |main               ; main        ; work         ;
+----------------------------+---------------------+---------------------------+-------------+--------------+---------+-----------+------+--------------+---------------------+-------------+--------------+
Note: For table entries with two numbers listed, the numbers in parentheses indicate the number of resources of the given type used by the specific entity alone. The numbers listed outside of parentheses indicate the total resources of the given type used by the specific entity and all of its sub-entities in the hierarchy.


Encoding Type:  One-Hot
+------------------------------------------------------------------------------------------------------------------------------------------------------------------------------------------------+
; State Machine - |main|current_state                                                                                                                                                            ;
+-----------------------------+------------------------+-----------------------+-----------------------+-----------------------------+-----------------------------+-----------------------------+
; Name                        ; current_state.AFTER_F0 ; current_state.WAIT_F0 ; current_state.WAIT_EQ ; current_state.WAIT_OPERAND2 ; current_state.WAIT_OPERATOR ; current_state.WAIT_OPERAND1 ;
+-----------------------------+------------------------+-----------------------+-----------------------+-----------------------------+-----------------------------+-----------------------------+
; current_state.WAIT_OPERAND1 ; 0                      ; 0                     ; 0                     ; 0                           ; 0                           ; 0                           ;
; current_state.WAIT_OPERATOR ; 0                      ; 0                     ; 0                     ; 0                           ; 1                           ; 1                           ;
; current_state.WAIT_OPERAND2 ; 0                      ; 0                     ; 0                     ; 1                           ; 0                           ; 1                           ;
; current_state.WAIT_EQ       ; 0                      ; 0                     ; 1                     ; 0                           ; 0                           ; 1                           ;
; current_state.WAIT_F0       ; 0                      ; 1                     ; 0                     ; 0                           ; 0                           ; 1                           ;
; current_state.AFTER_F0      ; 1                      ; 0                     ; 0                     ; 0                           ; 0                           ; 1                           ;
+-----------------------------+------------------------+-----------------------+-----------------------+-----------------------------+-----------------------------+-----------------------------+


Encoding Type:  One-Hot
+----------------------------------------------------------------------------------------------------------------------------------------+
; State Machine - |main|state                                                                                                            ;
+---------------------+----------------+---------------+---------------+---------------------+---------------------+---------------------+
; Name                ; state.AFTER_F0 ; state.WAIT_F0 ; state.WAIT_EQ ; state.WAIT_OPERAND2 ; state.WAIT_OPERATOR ; state.WAIT_OPERAND1 ;
+---------------------+----------------+---------------+---------------+---------------------+---------------------+---------------------+
; state.WAIT_OPERAND1 ; 0              ; 0             ; 0             ; 0                   ; 0                   ; 0                   ;
; state.WAIT_OPERATOR ; 0              ; 0             ; 0             ; 0                   ; 1                   ; 1                   ;
; state.WAIT_OPERAND2 ; 0              ; 0             ; 0             ; 1                   ; 0                   ; 1                   ;
; state.WAIT_EQ       ; 0              ; 0             ; 1             ; 0                   ; 0                   ; 1                   ;
; state.WAIT_F0       ; 0              ; 1             ; 0             ; 0                   ; 0                   ; 1                   ;
; state.AFTER_F0      ; 1              ; 0             ; 0             ; 0                   ; 0                   ; 1                   ;
+---------------------+----------------+---------------+---------------+---------------------+---------------------+---------------------+


+--------------------------------------------------------------------------------+
; Registers Removed During Synthesis                                             ;
+---------------------------------------+----------------------------------------+
; Register name                         ; Reason for Removal                     ;
+---------------------------------------+----------------------------------------+
; hex4_value[1,4,5]                     ; Merged with hex4_value[0]              ;
; hex4_value[6]                         ; Merged with hex4_value[3]              ;
; hex4_value[2]                         ; Stuck at VCC due to stuck port data_in ;
; current_state.WAIT_F0                 ; Merged with current_state.AFTER_F0     ;
; current_state.AFTER_F0                ; Stuck at GND due to stuck port data_in ;
; Total Number of Removed Registers = 7 ;                                        ;
+---------------------------------------+----------------------------------------+


+------------------------------------------------------+
; General Register Statistics                          ;
+----------------------------------------------+-------+
; Statistic                                    ; Value ;
+----------------------------------------------+-------+
; Total registers                              ; 78    ;
; Number of registers using Synchronous Clear  ; 0     ;
; Number of registers using Synchronous Load   ; 0     ;
; Number of registers using Asynchronous Clear ; 78    ;
; Number of registers using Asynchronous Load  ; 0     ;
; Number of registers using Clock Enable       ; 70    ;
; Number of registers using Preset             ; 0     ;
+----------------------------------------------+-------+


+---------------------------------------------------+
; Inverted Register Statistics                      ;
+-----------------------------------------+---------+
; Inverted Register                       ; Fan out ;
+-----------------------------------------+---------+
; hex7_value[0]                           ; 1       ;
; hex7_value[1]                           ; 1       ;
; hex7_value[2]                           ; 1       ;
; hex7_value[3]                           ; 1       ;
; hex7_value[4]                           ; 1       ;
; hex7_value[5]                           ; 1       ;
; hex7_value[6]                           ; 1       ;
; hex6_value[0]                           ; 1       ;
; hex6_value[1]                           ; 1       ;
; hex6_value[2]                           ; 1       ;
; hex6_value[3]                           ; 1       ;
; hex6_value[4]                           ; 1       ;
; hex6_value[5]                           ; 1       ;
; hex6_value[6]                           ; 1       ;
; hex5_value[0]                           ; 1       ;
; hex5_value[1]                           ; 1       ;
; hex5_value[2]                           ; 1       ;
; hex5_value[3]                           ; 1       ;
; hex5_value[4]                           ; 1       ;
; hex5_value[5]                           ; 1       ;
; hex5_value[6]                           ; 1       ;
; hex4_value[0]                           ; 5       ;
; hex4_value[3]                           ; 3       ;
; hex1_value[0]                           ; 1       ;
; hex1_value[1]                           ; 1       ;
; hex1_value[2]                           ; 1       ;
; hex1_value[3]                           ; 1       ;
; hex1_value[4]                           ; 1       ;
; hex1_value[5]                           ; 1       ;
; hex1_value[6]                           ; 1       ;
; hex0_value[0]                           ; 1       ;
; hex0_value[1]                           ; 1       ;
; hex0_value[2]                           ; 1       ;
; hex0_value[3]                           ; 1       ;
; hex0_value[4]                           ; 1       ;
; hex0_value[5]                           ; 1       ;
; hex0_value[6]                           ; 1       ;
; keyb_data_sreg[5]                       ; 6       ;
; keyb_data_sreg[7]                       ; 6       ;
; keyb_data_sreg[6]                       ; 6       ;
; keyb_data_sreg[3]                       ; 10      ;
; keyb_data_sreg[2]                       ; 10      ;
; keyb_data_sreg[1]                       ; 12      ;
; keyb_data_sreg[4]                       ; 10      ;
; keyb_data_sreg[8]                       ; 6       ;
; keyb_data_sreg[0]                       ; 29      ;
; keyb_data_sreg[9]                       ; 1       ;
; keyb_data_sreg[10]                      ; 1       ;
; Total number of inverted registers = 48 ;         ;
+-----------------------------------------+---------+


+------------------------------------------------------------------------------------------------------------------------------------------+
; Multiplexer Restructuring Statistics (Restructuring Performed)                                                                           ;
+--------------------+-----------+---------------+----------------------+------------------------+------------+----------------------------+
; Multiplexer Inputs ; Bus Width ; Baseline Area ; Area if Restructured ; Saving if Restructured ; Registered ; Example Multiplexer Output ;
+--------------------+-----------+---------------+----------------------+------------------------+------------+----------------------------+
; 3:1                ; 11 bits   ; 22 LEs        ; 22 LEs               ; 0 LEs                  ; Yes        ; |main|keyb_data_sreg[6]    ;
; 3:1                ; 7 bits    ; 14 LEs        ; 7 LEs                ; 7 LEs                  ; Yes        ; |main|hex5_value[0]        ;
; 4:1                ; 14 bits   ; 28 LEs        ; 14 LEs               ; 14 LEs                 ; Yes        ; |main|hex1_value[0]        ;
; 4:1                ; 7 bits    ; 14 LEs        ; 14 LEs               ; 0 LEs                  ; Yes        ; |main|hex6_value[3]        ;
; 8:1                ; 4 bits    ; 20 LEs        ; 16 LEs               ; 4 LEs                  ; No         ; |main|state                ;
+--------------------+-----------+---------------+----------------------+------------------------+------------+----------------------------+


+----------------------------------------------------------------------+
; Parameter Settings for User Entity Instance: Top-level Entity: |main ;
+----------------+--------+--------------------------------------------+
; Parameter Name ; Value  ; Type                                       ;
+----------------+--------+--------------------------------------------+
; WAIT_OPERAND1  ; 000001 ; Unsigned Binary                            ;
; WAIT_OPERATOR  ; 000010 ; Unsigned Binary                            ;
; WAIT_OPERAND2  ; 000100 ; Unsigned Binary                            ;
; WAIT_EQ        ; 001000 ; Unsigned Binary                            ;
; WAIT_F0        ; 010000 ; Unsigned Binary                            ;
; AFTER_F0       ; 100000 ; Unsigned Binary                            ;
+----------------+--------+--------------------------------------------+
Note: In order to hide this table in the UI and the text report file, please set the "Show Parameter Settings in Synthesis Report" option in "Analysis and Synthesis Settings -> More Settings" to "Off".


+-----------------------------------------------------+
; Post-Synthesis Netlist Statistics for Top Partition ;
+-----------------------+-----------------------------+
; Type                  ; Count                       ;
+-----------------------+-----------------------------+
; boundary_port         ; 46                          ;
; cycloneiii_ff         ; 78                          ;
;     CLR               ; 8                           ;
;     ENA CLR           ; 70                          ;
; cycloneiii_io_obuf    ; 1                           ;
; cycloneiii_lcell_comb ; 219                         ;
;     arith             ; 6                           ;
;         2 data inputs ; 1                           ;
;         3 data inputs ; 5                           ;
;     normal            ; 213                         ;
;         0 data inputs ; 1                           ;
;         1 data inputs ; 37                          ;
;         2 data inputs ; 40                          ;
;         3 data inputs ; 39                          ;
;         4 data inputs ; 96                          ;
;                       ;                             ;
; Max LUT depth         ; 10.00                       ;
; Average LUT depth     ; 5.37                        ;
+-----------------------+-----------------------------+


+-------------------------------+
; Elapsed Time Per Partition    ;
+----------------+--------------+
; Partition Name ; Elapsed Time ;
+----------------+--------------+
; Top            ; 00:00:01     ;
+----------------+--------------+


+-------------------------------+
; Analysis & Synthesis Messages ;
+-------------------------------+
Info: *******************************************************************
Info: Running Quartus Prime Analysis & Synthesis
    Info: Version 17.1.0 Build 590 10/25/2017 SJ Lite Edition
    Info: Processing started: Fri Feb 02 10:13:37 2018
Info: Command: quartus_map --read_settings_files=on --write_settings_files=off main -c main
Warning (18236): Number of processors has not been specified which may cause overloading on shared machines.  Set the global assignment NUM_PARALLEL_PROCESSORS in your QSF to an appropriate value for best performance.
Info (20030): Parallel compilation is enabled and will use 4 of the 4 processors detected
Info (12021): Found 1 design units, including 1 entities, in source file main.v
    Info (12023): Found entity 1: main File: C:/Users/Mimis/Documents/DigSys_Asks/Project/main.v Line: 1
Info (12127): Elaborating entity "main" for the top level hierarchy
Info (10041): Inferred latch for "leds[13][0]" at main.v(50) File: C:/Users/Mimis/Documents/DigSys_Asks/Project/main.v Line: 50
Info (10041): Inferred latch for "leds[13][1]" at main.v(50) File: C:/Users/Mimis/Documents/DigSys_Asks/Project/main.v Line: 50
Info (10041): Inferred latch for "leds[13][2]" at main.v(50) File: C:/Users/Mimis/Documents/DigSys_Asks/Project/main.v Line: 50
Info (10041): Inferred latch for "leds[13][3]" at main.v(50) File: C:/Users/Mimis/Documents/DigSys_Asks/Project/main.v Line: 50
Info (10041): Inferred latch for "leds[13][4]" at main.v(50) File: C:/Users/Mimis/Documents/DigSys_Asks/Project/main.v Line: 50
Info (10041): Inferred latch for "leds[13][5]" at main.v(50) File: C:/Users/Mimis/Documents/DigSys_Asks/Project/main.v Line: 50
Info (10041): Inferred latch for "leds[13][6]" at main.v(50) File: C:/Users/Mimis/Documents/DigSys_Asks/Project/main.v Line: 50
Info (10041): Inferred latch for "leds[12][0]" at main.v(50) File: C:/Users/Mimis/Documents/DigSys_Asks/Project/main.v Line: 50
Info (10041): Inferred latch for "leds[12][1]" at main.v(50) File: C:/Users/Mimis/Documents/DigSys_Asks/Project/main.v Line: 50
Info (10041): Inferred latch for "leds[12][2]" at main.v(50) File: C:/Users/Mimis/Documents/DigSys_Asks/Project/main.v Line: 50
Info (10041): Inferred latch for "leds[12][3]" at main.v(50) File: C:/Users/Mimis/Documents/DigSys_Asks/Project/main.v Line: 50
Info (10041): Inferred latch for "leds[12][4]" at main.v(50) File: C:/Users/Mimis/Documents/DigSys_Asks/Project/main.v Line: 50
Info (10041): Inferred latch for "leds[12][5]" at main.v(50) File: C:/Users/Mimis/Documents/DigSys_Asks/Project/main.v Line: 50
Info (10041): Inferred latch for "leds[12][6]" at main.v(50) File: C:/Users/Mimis/Documents/DigSys_Asks/Project/main.v Line: 50
Info (10041): Inferred latch for "leds[11][0]" at main.v(50) File: C:/Users/Mimis/Documents/DigSys_Asks/Project/main.v Line: 50
Info (10041): Inferred latch for "leds[11][1]" at main.v(50) File: C:/Users/Mimis/Documents/DigSys_Asks/Project/main.v Line: 50
Info (10041): Inferred latch for "leds[11][2]" at main.v(50) File: C:/Users/Mimis/Documents/DigSys_Asks/Project/main.v Line: 50
Info (10041): Inferred latch for "leds[11][3]" at main.v(50) File: C:/Users/Mimis/Documents/DigSys_Asks/Project/main.v Line: 50
Info (10041): Inferred latch for "leds[11][4]" at main.v(50) File: C:/Users/Mimis/Documents/DigSys_Asks/Project/main.v Line: 50
Info (10041): Inferred latch for "leds[11][5]" at main.v(50) File: C:/Users/Mimis/Documents/DigSys_Asks/Project/main.v Line: 50
Info (10041): Inferred latch for "leds[11][6]" at main.v(50) File: C:/Users/Mimis/Documents/DigSys_Asks/Project/main.v Line: 50
Info (10041): Inferred latch for "leds[10][0]" at main.v(50) File: C:/Users/Mimis/Documents/DigSys_Asks/Project/main.v Line: 50
Info (10041): Inferred latch for "leds[10][1]" at main.v(50) File: C:/Users/Mimis/Documents/DigSys_Asks/Project/main.v Line: 50
Info (10041): Inferred latch for "leds[10][2]" at main.v(50) File: C:/Users/Mimis/Documents/DigSys_Asks/Project/main.v Line: 50
Info (10041): Inferred latch for "leds[10][3]" at main.v(50) File: C:/Users/Mimis/Documents/DigSys_Asks/Project/main.v Line: 50
Info (10041): Inferred latch for "leds[10][4]" at main.v(50) File: C:/Users/Mimis/Documents/DigSys_Asks/Project/main.v Line: 50
Info (10041): Inferred latch for "leds[10][5]" at main.v(50) File: C:/Users/Mimis/Documents/DigSys_Asks/Project/main.v Line: 50
Info (10041): Inferred latch for "leds[10][6]" at main.v(50) File: C:/Users/Mimis/Documents/DigSys_Asks/Project/main.v Line: 50
Info (10041): Inferred latch for "leds[9][0]" at main.v(50) File: C:/Users/Mimis/Documents/DigSys_Asks/Project/main.v Line: 50
Info (10041): Inferred latch for "leds[9][1]" at main.v(50) File: C:/Users/Mimis/Documents/DigSys_Asks/Project/main.v Line: 50
Info (10041): Inferred latch for "leds[9][2]" at main.v(50) File: C:/Users/Mimis/Documents/DigSys_Asks/Project/main.v Line: 50
Info (10041): Inferred latch for "leds[9][3]" at main.v(50) File: C:/Users/Mimis/Documents/DigSys_Asks/Project/main.v Line: 50
Info (10041): Inferred latch for "leds[9][4]" at main.v(50) File: C:/Users/Mimis/Documents/DigSys_Asks/Project/main.v Line: 50
Info (10041): Inferred latch for "leds[9][5]" at main.v(50) File: C:/Users/Mimis/Documents/DigSys_Asks/Project/main.v Line: 50
Info (10041): Inferred latch for "leds[9][6]" at main.v(50) File: C:/Users/Mimis/Documents/DigSys_Asks/Project/main.v Line: 50
Info (10041): Inferred latch for "leds[8][0]" at main.v(50) File: C:/Users/Mimis/Documents/DigSys_Asks/Project/main.v Line: 50
Info (10041): Inferred latch for "leds[8][1]" at main.v(50) File: C:/Users/Mimis/Documents/DigSys_Asks/Project/main.v Line: 50
Info (10041): Inferred latch for "leds[8][2]" at main.v(50) File: C:/Users/Mimis/Documents/DigSys_Asks/Project/main.v Line: 50
Info (10041): Inferred latch for "leds[8][3]" at main.v(50) File: C:/Users/Mimis/Documents/DigSys_Asks/Project/main.v Line: 50
Info (10041): Inferred latch for "leds[8][4]" at main.v(50) File: C:/Users/Mimis/Documents/DigSys_Asks/Project/main.v Line: 50
Info (10041): Inferred latch for "leds[8][5]" at main.v(50) File: C:/Users/Mimis/Documents/DigSys_Asks/Project/main.v Line: 50
Info (10041): Inferred latch for "leds[8][6]" at main.v(50) File: C:/Users/Mimis/Documents/DigSys_Asks/Project/main.v Line: 50
Info (10041): Inferred latch for "leds[7][0]" at main.v(50) File: C:/Users/Mimis/Documents/DigSys_Asks/Project/main.v Line: 50
Info (10041): Inferred latch for "leds[7][1]" at main.v(50) File: C:/Users/Mimis/Documents/DigSys_Asks/Project/main.v Line: 50
Info (10041): Inferred latch for "leds[7][2]" at main.v(50) File: C:/Users/Mimis/Documents/DigSys_Asks/Project/main.v Line: 50
Info (10041): Inferred latch for "leds[7][3]" at main.v(50) File: C:/Users/Mimis/Documents/DigSys_Asks/Project/main.v Line: 50
Info (10041): Inferred latch for "leds[7][4]" at main.v(50) File: C:/Users/Mimis/Documents/DigSys_Asks/Project/main.v Line: 50
Info (10041): Inferred latch for "leds[7][5]" at main.v(50) File: C:/Users/Mimis/Documents/DigSys_Asks/Project/main.v Line: 50
Info (10041): Inferred latch for "leds[7][6]" at main.v(50) File: C:/Users/Mimis/Documents/DigSys_Asks/Project/main.v Line: 50
Info (10041): Inferred latch for "leds[6][0]" at main.v(50) File: C:/Users/Mimis/Documents/DigSys_Asks/Project/main.v Line: 50
Info (10041): Inferred latch for "leds[6][1]" at main.v(50) File: C:/Users/Mimis/Documents/DigSys_Asks/Project/main.v Line: 50
Info (10041): Inferred latch for "leds[6][2]" at main.v(50) File: C:/Users/Mimis/Documents/DigSys_Asks/Project/main.v Line: 50
Info (10041): Inferred latch for "leds[6][3]" at main.v(50) File: C:/Users/Mimis/Documents/DigSys_Asks/Project/main.v Line: 50
Info (10041): Inferred latch for "leds[6][4]" at main.v(50) File: C:/Users/Mimis/Documents/DigSys_Asks/Project/main.v Line: 50
Info (10041): Inferred latch for "leds[6][5]" at main.v(50) File: C:/Users/Mimis/Documents/DigSys_Asks/Project/main.v Line: 50
Info (10041): Inferred latch for "leds[6][6]" at main.v(50) File: C:/Users/Mimis/Documents/DigSys_Asks/Project/main.v Line: 50
Info (10041): Inferred latch for "leds[5][0]" at main.v(50) File: C:/Users/Mimis/Documents/DigSys_Asks/Project/main.v Line: 50
Info (10041): Inferred latch for "leds[5][1]" at main.v(50) File: C:/Users/Mimis/Documents/DigSys_Asks/Project/main.v Line: 50
Info (10041): Inferred latch for "leds[5][2]" at main.v(50) File: C:/Users/Mimis/Documents/DigSys_Asks/Project/main.v Line: 50
Info (10041): Inferred latch for "leds[5][3]" at main.v(50) File: C:/Users/Mimis/Documents/DigSys_Asks/Project/main.v Line: 50
Info (10041): Inferred latch for "leds[5][4]" at main.v(50) File: C:/Users/Mimis/Documents/DigSys_Asks/Project/main.v Line: 50
Info (10041): Inferred latch for "leds[5][5]" at main.v(50) File: C:/Users/Mimis/Documents/DigSys_Asks/Project/main.v Line: 50
Info (10041): Inferred latch for "leds[5][6]" at main.v(50) File: C:/Users/Mimis/Documents/DigSys_Asks/Project/main.v Line: 50
Info (10041): Inferred latch for "leds[4][0]" at main.v(50) File: C:/Users/Mimis/Documents/DigSys_Asks/Project/main.v Line: 50
Info (10041): Inferred latch for "leds[4][1]" at main.v(50) File: C:/Users/Mimis/Documents/DigSys_Asks/Project/main.v Line: 50
Info (10041): Inferred latch for "leds[4][2]" at main.v(50) File: C:/Users/Mimis/Documents/DigSys_Asks/Project/main.v Line: 50
Info (10041): Inferred latch for "leds[4][3]" at main.v(50) File: C:/Users/Mimis/Documents/DigSys_Asks/Project/main.v Line: 50
Info (10041): Inferred latch for "leds[4][4]" at main.v(50) File: C:/Users/Mimis/Documents/DigSys_Asks/Project/main.v Line: 50
Info (10041): Inferred latch for "leds[4][5]" at main.v(50) File: C:/Users/Mimis/Documents/DigSys_Asks/Project/main.v Line: 50
Info (10041): Inferred latch for "leds[4][6]" at main.v(50) File: C:/Users/Mimis/Documents/DigSys_Asks/Project/main.v Line: 50
Info (10041): Inferred latch for "leds[3][0]" at main.v(50) File: C:/Users/Mimis/Documents/DigSys_Asks/Project/main.v Line: 50
Info (10041): Inferred latch for "leds[3][1]" at main.v(50) File: C:/Users/Mimis/Documents/DigSys_Asks/Project/main.v Line: 50
Info (10041): Inferred latch for "leds[3][2]" at main.v(50) File: C:/Users/Mimis/Documents/DigSys_Asks/Project/main.v Line: 50
Info (10041): Inferred latch for "leds[3][3]" at main.v(50) File: C:/Users/Mimis/Documents/DigSys_Asks/Project/main.v Line: 50
Info (10041): Inferred latch for "leds[3][4]" at main.v(50) File: C:/Users/Mimis/Documents/DigSys_Asks/Project/main.v Line: 50
Info (10041): Inferred latch for "leds[3][5]" at main.v(50) File: C:/Users/Mimis/Documents/DigSys_Asks/Project/main.v Line: 50
Info (10041): Inferred latch for "leds[3][6]" at main.v(50) File: C:/Users/Mimis/Documents/DigSys_Asks/Project/main.v Line: 50
Info (10041): Inferred latch for "leds[2][0]" at main.v(50) File: C:/Users/Mimis/Documents/DigSys_Asks/Project/main.v Line: 50
Info (10041): Inferred latch for "leds[2][1]" at main.v(50) File: C:/Users/Mimis/Documents/DigSys_Asks/Project/main.v Line: 50
Info (10041): Inferred latch for "leds[2][2]" at main.v(50) File: C:/Users/Mimis/Documents/DigSys_Asks/Project/main.v Line: 50
Info (10041): Inferred latch for "leds[2][3]" at main.v(50) File: C:/Users/Mimis/Documents/DigSys_Asks/Project/main.v Line: 50
Info (10041): Inferred latch for "leds[2][4]" at main.v(50) File: C:/Users/Mimis/Documents/DigSys_Asks/Project/main.v Line: 50
Info (10041): Inferred latch for "leds[2][5]" at main.v(50) File: C:/Users/Mimis/Documents/DigSys_Asks/Project/main.v Line: 50
Info (10041): Inferred latch for "leds[2][6]" at main.v(50) File: C:/Users/Mimis/Documents/DigSys_Asks/Project/main.v Line: 50
Info (10041): Inferred latch for "leds[1][0]" at main.v(50) File: C:/Users/Mimis/Documents/DigSys_Asks/Project/main.v Line: 50
Info (10041): Inferred latch for "leds[1][1]" at main.v(50) File: C:/Users/Mimis/Documents/DigSys_Asks/Project/main.v Line: 50
Info (10041): Inferred latch for "leds[1][2]" at main.v(50) File: C:/Users/Mimis/Documents/DigSys_Asks/Project/main.v Line: 50
Info (10041): Inferred latch for "leds[1][3]" at main.v(50) File: C:/Users/Mimis/Documents/DigSys_Asks/Project/main.v Line: 50
Info (10041): Inferred latch for "leds[1][4]" at main.v(50) File: C:/Users/Mimis/Documents/DigSys_Asks/Project/main.v Line: 50
Info (10041): Inferred latch for "leds[1][5]" at main.v(50) File: C:/Users/Mimis/Documents/DigSys_Asks/Project/main.v Line: 50
Info (10041): Inferred latch for "leds[1][6]" at main.v(50) File: C:/Users/Mimis/Documents/DigSys_Asks/Project/main.v Line: 50
Info (10041): Inferred latch for "leds[0][0]" at main.v(50) File: C:/Users/Mimis/Documents/DigSys_Asks/Project/main.v Line: 50
Info (10041): Inferred latch for "leds[0][1]" at main.v(50) File: C:/Users/Mimis/Documents/DigSys_Asks/Project/main.v Line: 50
Info (10041): Inferred latch for "leds[0][2]" at main.v(50) File: C:/Users/Mimis/Documents/DigSys_Asks/Project/main.v Line: 50
Info (10041): Inferred latch for "leds[0][3]" at main.v(50) File: C:/Users/Mimis/Documents/DigSys_Asks/Project/main.v Line: 50
Info (10041): Inferred latch for "leds[0][4]" at main.v(50) File: C:/Users/Mimis/Documents/DigSys_Asks/Project/main.v Line: 50
Info (10041): Inferred latch for "leds[0][5]" at main.v(50) File: C:/Users/Mimis/Documents/DigSys_Asks/Project/main.v Line: 50
Info (10041): Inferred latch for "leds[0][6]" at main.v(50) File: C:/Users/Mimis/Documents/DigSys_Asks/Project/main.v Line: 50
Info (13000): Registers with preset signals will power-up high File: C:/Users/Mimis/Documents/DigSys_Asks/Project/main.v Line: 212
Info (13003): DEV_CLRn pin will set, and not reset, register with preset signal due to NOT Gate Push-Back
Warning (13024): Output pins are stuck at VCC or GND
    Warning (13410): Pin "hex4[2]" is stuck at VCC File: C:/Users/Mimis/Documents/DigSys_Asks/Project/main.v Line: 13
Info (286030): Timing-Driven Synthesis is running
Info (16010): Generating hard_block partition "hard_block:auto_generated_inst"
    Info (16011): Adding 0 node(s), including 0 DDIO, 0 PLL, 0 transceiver and 0 LCELL
Info (21057): Implemented 245 device resources after synthesis - the final resource count might be different
    Info (21058): Implemented 3 input pins
    Info (21059): Implemented 42 output pins
    Info (21060): Implemented 1 bidirectional pins
    Info (21061): Implemented 199 logic cells
Info: Quartus Prime Analysis & Synthesis was successful. 0 errors, 3 warnings
    Info: Peak virtual memory: 679 megabytes
    Info: Processing ended: Fri Feb 02 10:13:49 2018
    Info: Elapsed time: 00:00:12
    Info: Total CPU time (on all processors): 00:00:24


